<?xml version="1.0" encoding="UTF-8"?>
<robot generator="Robot 6.0.2 (Python 3.11.3 on win32)" generated="20230511 12:51:50.942" rpa="false" schemaversion="3">
<suite id="s1" name="Vanguard" source="C:\Users\Georgii_Bordukov\PycharmProjects\test_io\tests\vanguard.robot">
<test id="s1-t1" name="Name of test - some test" line="11">
<kw name="Set Selenium Speed" library="SeleniumLibrary">
<arg>.2s</arg>
<doc>Sets the delay that is waited after each Selenium command.</doc>
<status status="PASS" starttime="20230511 12:51:51.133" endtime="20230511 12:51:51.133"/>
</kw>
<kw name="Set Selenium Timeout" library="SeleniumLibrary">
<arg>10s</arg>
<doc>Sets the timeout that is used by various keywords.</doc>
<status status="PASS" starttime="20230511 12:51:51.134" endtime="20230511 12:51:51.134"/>
</kw>
<kw name="Log" library="BuiltIn">
<arg>Starting the test case</arg>
<doc>Logs the given message with the given level.</doc>
<msg timestamp="20230511 12:51:51.134" level="INFO">Starting the test case</msg>
<status status="PASS" starttime="20230511 12:51:51.134" endtime="20230511 12:51:51.134"/>
</kw>
<kw name="Open Browser" library="SeleniumLibrary">
<arg>https://www.vanguardmotorsales.com/</arg>
<arg>chrome</arg>
<doc>Opens a new browser instance to the optional ``url``.</doc>
<msg timestamp="20230511 12:51:51.135" level="INFO">Opening browser 'chrome' to base url 'https://www.vanguardmotorsales.com/'.</msg>
<status status="PASS" starttime="20230511 12:51:51.135" endtime="20230511 12:51:54.464"/>
</kw>
<kw name="Set Window Position" library="SeleniumLibrary">
<arg>x=341</arg>
<arg>y=169</arg>
<doc>Sets window position using ``x`` and ``y`` coordinates.</doc>
<status status="PASS" starttime="20230511 12:51:54.464" endtime="20230511 12:51:54.771"/>
</kw>
<kw name="Set Window Size" library="SeleniumLibrary">
<arg>width=1500</arg>
<arg>height=1000</arg>
<doc>Sets current windows size to given ``width`` and ``height``.</doc>
<status status="PASS" starttime="20230511 12:51:54.772" endtime="20230511 12:51:55.176"/>
</kw>
<kw name="Sleep" library="BuiltIn">
<arg>3s</arg>
<doc>Pauses the test executed for the given time.</doc>
<msg timestamp="20230511 12:51:58.177" level="INFO">Slept 3 seconds</msg>
<status status="PASS" starttime="20230511 12:51:55.176" endtime="20230511 12:51:58.177"/>
</kw>
<kw name="Close Browser" library="SeleniumLibrary">
<doc>Closes the current browser.</doc>
<status status="PASS" starttime="20230511 12:51:58.177" endtime="20230511 12:52:00.489"/>
</kw>
<doc>This is some basic info about the test</doc>
<tag>1006</tag>
<tag>HomePage</tag>
<tag>Smoke</tag>
<status status="PASS" starttime="20230511 12:51:51.132" endtime="20230511 12:52:00.490"/>
</test>
<doc>This is some basic information about whole suite</doc>
<status status="PASS" starttime="20230511 12:51:50.943" endtime="20230511 12:52:00.492"/>
</suite>
<statistics>
<total>
<stat pass="1" fail="0" skip="0">All Tests</stat>
</total>
<tag>
<stat pass="1" fail="0" skip="0">1006</stat>
<stat pass="1" fail="0" skip="0">HomePage</stat>
<stat pass="1" fail="0" skip="0">Smoke</stat>
</tag>
<suite>
<stat pass="1" fail="0" skip="0" id="s1" name="Vanguard">Vanguard</stat>
</suite>
</statistics>
<errors>
</errors>
</robot>
